
> vibe-generated-app@1.0.0 dev
> vite


  VITE v5.4.20  ready in 266 ms

  ➜  Local:   http://localhost:3000/
  ➜  Network: http://172.20.3.119:3000/
9:25:36 AM [vite] Pre-transform error: Transform failed with 1 error:
/home/workspace/src/App.jsx:398:60: ERROR: Expected "}" but found "]"
9:25:36 AM [vite] Internal server error: Transform failed with 1 error:
/home/workspace/src/App.jsx:398:60: ERROR: Expected "}" but found "]"
  Plugin: vite:esbuild
  File: /home/workspace/src/App.jsx:398:60
  
  Expected "}" but found "]"
  396|        <input value={expr} onChange={(e)=>setExpr(e.target.value)} className="w-full bg-slate-800 rounded p-2" placeholder="0" />
  397|        <div className="mt-2 grid grid-cols-4 gap-2">
  398|          {[7,8,9,'/'],[4,5,6,'*'],[1,2,3,'-'],[0,'.','=','+']].flat().map((b,i)=> (
     |                                                              ^
  399|            <button key={i} onClick={()=> b==='='? evalNow(): append(String(b))} className="px-3 py-2 bg-slate-700 rounded hover:bg-slate-600">{b}</button>
  400|          ))}
  
      at failureErrorWithLog (/home/workspace/node_modules/esbuild/lib/main.js:1472:15)
      at /home/workspace/node_modules/esbuild/lib/main.js:755:50
      at responseCallbacks.<computed> (/home/workspace/node_modules/esbuild/lib/main.js:622:9)
      at handleIncomingPacket (/home/workspace/node_modules/esbuild/lib/main.js:677:12)
      at Socket.readFromStdout (/home/workspace/node_modules/esbuild/lib/main.js:600:7)
      at Socket.emit (node:events:508:28)
      at addChunk (node:internal/streams/readable:559:12)
      at readableAddChunkPushByteMode (node:internal/streams/readable:510:3)
      at Readable.push (node:internal/streams/readable:390:5)
      at Pipe.onStreamRead (node:internal/stream_base_commons:189:23)
9:25:54 AM [vite] Internal server error: Transform failed with 1 error:
/home/workspace/src/App.jsx:398:60: ERROR: Expected "}" but found "]"
  Plugin: vite:esbuild
  File: /home/workspace/src/App.jsx:398:60
  
  Expected "}" but found "]"
  396|        <input value={expr} onChange={(e)=>setExpr(e.target.value)} className="w-full bg-slate-800 rounded p-2" placeholder="0" />
  397|        <div className="mt-2 grid grid-cols-4 gap-2">
  398|          {[7,8,9,'/'],[4,5,6,'*'],[1,2,3,'-'],[0,'.','=','+']].flat().map((b,i)=> (
     |                                                              ^
  399|            <button key={i} onClick={()=> b==='='? evalNow(): append(String(b))} className="px-3 py-2 bg-slate-700 rounded hover:bg-slate-600">{b}</button>
  400|          ))}
  
      at failureErrorWithLog (/home/workspace/node_modules/esbuild/lib/main.js:1472:15)
      at /home/workspace/node_modules/esbuild/lib/main.js:755:50
      at responseCallbacks.<computed> (/home/workspace/node_modules/esbuild/lib/main.js:622:9)
      at handleIncomingPacket (/home/workspace/node_modules/esbuild/lib/main.js:677:12)
      at Socket.readFromStdout (/home/workspace/node_modules/esbuild/lib/main.js:600:7)
      at Socket.emit (node:events:508:28)
      at addChunk (node:internal/streams/readable:559:12)
      at readableAddChunkPushByteMode (node:internal/streams/readable:510:3)
      at Readable.push (node:internal/streams/readable:390:5)
      at Pipe.onStreamRead (node:internal/stream_base_commons:189:23)
